<?xml version="1.0" encoding="UTF-8"?>
<!-- Generated by org.testng.reporters.JUnitXMLReporter -->
<testsuite hostname="LAPTOP-COQHVDGR" ignored="14" name="Default test" tests="1" failures="0" timestamp="04 Jun 2021 12:30:37 GMT" time="3.423" errors="0">
  <testcase name="verifyInvalidLogInErrorMessage" time="0.434" classname="com.jbk.tests.LoginTest"/>
  <testcase name="verifyLogo" time="0.0" classname="com.jbk.tests.LoginTest">
    <ignored/>
  </testcase> <!-- verifyLogo -->
  <testcase name="loginWithAlldata" time="0.0" classname="com.jbk.tests.LoginTest">
    <ignored/>
  </testcase> <!-- loginWithAlldata -->
  <testcase name="verifyUrlOfLoginPage" time="0.0" classname="com.jbk.tests.LoginTest">
    <ignored/>
  </testcase> <!-- verifyUrlOfLoginPage -->
  <testcase name="verifyBlankLogInErrorMessage" time="0.0" classname="com.jbk.tests.LoginTest">
    <ignored/>
  </testcase> <!-- verifyBlankLogInErrorMessage -->
  <testcase name="verifyRegisterLinkText" time="0.0" classname="com.jbk.tests.LoginTest">
    <ignored/>
  </testcase> <!-- verifyRegisterLinkText -->
  <testcase name="verifyLogoutSuccessfullyMessage" time="0.0" classname="com.jbk.tests.LoginTest">
    <ignored/>
  </testcase> <!-- verifyLogoutSuccessfullyMessage -->
  <testcase name="verifyInvalidLogIn" time="0.0" classname="com.jbk.tests.LoginTest">
    <ignored/>
  </testcase> <!-- verifyInvalidLogIn -->
  <testcase name="verifySubHeading" time="0.0" classname="com.jbk.tests.LoginTest">
    <ignored/>
  </testcase> <!-- verifySubHeading -->
  <testcase name="verifyTitle" time="0.0" classname="com.jbk.tests.LoginTest">
    <ignored/>
  </testcase> <!-- verifyTitle -->
  <testcase name="verifyValidLogIn" time="0.0" classname="com.jbk.tests.LoginTest">
    <ignored/>
  </testcase> <!-- verifyValidLogIn -->
  <testcase name="verifyRegisterLink" time="0.0" classname="com.jbk.tests.LoginTest">
    <ignored/>
  </testcase> <!-- verifyRegisterLink -->
  <testcase name="verifyMainHeading" time="0.0" classname="com.jbk.tests.LoginTest">
    <ignored/>
  </testcase> <!-- verifyMainHeading -->
  <testcase name="verifyPlaceholders" time="0.0" classname="com.jbk.tests.LoginTest">
    <ignored/>
  </testcase> <!-- verifyPlaceholders -->
  <testcase name="verifySignInBoxHeading" time="0.0" classname="com.jbk.tests.LoginTest">
    <ignored/>
  </testcase> <!-- verifySignInBoxHeading -->
</testsuite> <!-- Default test -->
